Γùç injected env (2) from .env // tip: Γîÿ enable debugging { debug: true }
Γùç injected env (0) from .env // tip: Γîÿ multiple files { path: ['.env.local', '.env'] }
node : node:internal/mo
dules/cjs/loader:647
At line:1 char:1
+ node src/server.js 
2>&1 | Out-File 
-Encoding utf8 
start-error.log
+ 
~~~~~~~~~~~~~~~~~~~~~~~
    + CategoryInfo     
         : NotSpecifi  
  ed: (node:internal   
 /modules/cjs/loade    
r:647:String) [],     
RemoteException
    + FullyQualifiedEr 
   rorId : NativeComm  
  andError
 
      throw e;
      ^

Error [ERR_PACKAGE_PATH
_NOT_EXPORTED]: No 
"exports" main defined 
in E:\admin-dashboard\n
ode_modules\@adminjs\ex
press\package.json
    at exportsNotFound 
(node:internal/modules/
esm/resolve:314:10)
    at 
packageExportsResolve (
node:internal/modules/e
sm/resolve:605:13)
    at resolveExports (
node:internal/modules/c
js/loader:640:36)
    at 
Function._findPath (nod
e:internal/modules/cjs/
loader:748:31)
    at Function._resolv
eFilename (node:interna
l/modules/cjs/loader:12
35:27)
    at Function._load (
node:internal/modules/c
js/loader:1075:27)
    at TracingChannel.t
raceSync (node:diagnost
ics_channel:322:14)
    at wrapModuleLoad (
node:internal/modules/c
js/loader:219:24)
    at Module.require (
node:internal/modules/c
js/loader:1340:12)
    at require (node:in
ternal/modules/helpers:
138:16) {
  code: 'ERR_PACKAGE_PA
TH_NOT_EXPORTED'
}

Node.js v22.12.0
